<?xml version="1.0" encoding="UTF-8"?>
<testsuite name="com.team.tesbro.TesbroApplicationTests" tests="1" skipped="0" failures="0" errors="0" timestamp="2023-06-20T00:35:04" hostname="A-21" time="0.221">
  <properties/>
  <testcase name="contextLoads()" classname="com.team.tesbro.TesbroApplicationTests" time="0.221"/>
  <system-out><![CDATA[09:35:00.398 [Test worker] DEBUG org.springframework.boot.test.context.SpringBootTestContextBootstrapper -- Neither @ContextConfiguration nor @ContextHierarchy found for test class [TesbroApplicationTests]: using SpringBootContextLoader
09:35:00.402 [Test worker] DEBUG org.springframework.test.context.support.AbstractContextLoader -- Could not detect default resource locations for test class [com.team.tesbro.TesbroApplicationTests]: no resource found for suffixes {-context.xml, Context.groovy}.
09:35:00.402 [Test worker] INFO org.springframework.test.context.support.AnnotationConfigContextLoaderUtils -- Could not detect default configuration classes for test class [com.team.tesbro.TesbroApplicationTests]: TesbroApplicationTests does not declare any static, non-private, non-final, nested classes annotated with @Configuration.
09:35:00.418 [Test worker] DEBUG org.springframework.boot.test.context.SpringBootTestContextBootstrapper -- Using ContextCustomizers for test class [TesbroApplicationTests]: [DisableObservabilityContextCustomizer, PropertyMappingContextCustomizer, Customizer, ExcludeFilterContextCustomizer, DuplicateJsonObjectContextCustomizer, MockitoContextCustomizer, TestRestTemplateContextCustomizer]
09:35:00.478 [Test worker] DEBUG org.springframework.context.annotation.ClassPathScanningCandidateComponentProvider -- Identified candidate component class: file [C:\Users\SBS\Desktop\김상엽 국비\tesbro\build\classes\java\main\com\team\tesbro\TesbroApplication.class]
09:35:00.479 [Test worker] INFO org.springframework.boot.test.context.SpringBootTestContextBootstrapper -- Found @SpringBootConfiguration com.team.tesbro.TesbroApplication for test class com.team.tesbro.TesbroApplicationTests
09:35:00.555 [Test worker] DEBUG org.springframework.boot.test.context.SpringBootTestContextBootstrapper -- Using TestExecutionListeners for test class [TesbroApplicationTests]: [ServletTestExecutionListener, DirtiesContextBeforeModesTestExecutionListener, ApplicationEventsTestExecutionListener, MockitoTestExecutionListener, DependencyInjectionTestExecutionListener, DirtiesContextTestExecutionListener, TransactionalTestExecutionListener, SqlScriptsTestExecutionListener, EventPublishingTestExecutionListener, RestDocsTestExecutionListener, MockRestServiceServerResetTestExecutionListener, MockMvcPrintOnlyOnFailureTestExecutionListener, WebDriverTestExecutionListener, MockWebServiceServerTestExecutionListener, ResetMocksTestExecutionListener]
09:35:00.556 [Test worker] DEBUG org.springframework.test.context.support.AbstractDirtiesContextTestExecutionListener -- Before test class: class [TesbroApplicationTests], class annotated with @DirtiesContext [false] with mode [null]

  .   ____          _            __ _ _
 /\\ / ___'_ __ _ _(_)_ __  __ _ \ \ \ \
( ( )\___ | '_ | '_| | '_ \/ _` | \ \ \ \
 \\/  ___)| |_)| | | | | || (_| |  ) ) ) )
  '  |____| .__|_| |_|_| |_\__, | / / / /
 =========|_|==============|___/=/_/_/_/
 :: Spring Boot ::                (v3.0.7)

2023-06-20T09:35:00.782+09:00  INFO 6160 --- [    Test worker] com.team.tesbro.TesbroApplicationTests   : Starting TesbroApplicationTests using Java 17.0.7 with PID 6160 (started by SBS in C:\Users\SBS\Desktop\김상엽 국비\tesbro)
2023-06-20T09:35:00.783+09:00  INFO 6160 --- [    Test worker] com.team.tesbro.TesbroApplicationTests   : No active profile set, falling back to 1 default profile: "default"
2023-06-20T09:35:01.413+09:00  INFO 6160 --- [    Test worker] .s.d.r.c.RepositoryConfigurationDelegate : Bootstrapping Spring Data JPA repositories in DEFAULT mode.
2023-06-20T09:35:01.470+09:00  INFO 6160 --- [    Test worker] .s.d.r.c.RepositoryConfigurationDelegate : Finished Spring Data repository scanning in 50 ms. Found 7 JPA repository interfaces.
2023-06-20T09:35:01.865+09:00  INFO 6160 --- [    Test worker] o.hibernate.jpa.internal.util.LogHelper  : HHH000204: Processing PersistenceUnitInfo [name: default]
2023-06-20T09:35:01.912+09:00  INFO 6160 --- [    Test worker] org.hibernate.Version                    : HHH000412: Hibernate ORM core version 6.1.7.Final
2023-06-20T09:35:02.138+09:00  INFO 6160 --- [    Test worker] com.zaxxer.hikari.HikariDataSource       : HikariPool-1 - Starting...
2023-06-20T09:35:02.316+09:00  INFO 6160 --- [    Test worker] com.zaxxer.hikari.pool.HikariPool        : HikariPool-1 - Added connection conn0: url=jdbc:h2:~/local user=SA
2023-06-20T09:35:02.317+09:00  INFO 6160 --- [    Test worker] com.zaxxer.hikari.HikariDataSource       : HikariPool-1 - Start completed.
2023-06-20T09:35:02.334+09:00  INFO 6160 --- [    Test worker] SQL dialect                              : HHH000400: Using dialect: org.hibernate.dialect.H2Dialect
2023-06-20T09:35:03.062+09:00  INFO 6160 --- [    Test worker] o.h.e.t.j.p.i.JtaPlatformInitiator       : HHH000490: Using JtaPlatform implementation: [org.hibernate.engine.transaction.jta.platform.internal.NoJtaPlatform]
2023-06-20T09:35:03.070+09:00  INFO 6160 --- [    Test worker] j.LocalContainerEntityManagerFactoryBean : Initialized JPA EntityManagerFactory for persistence unit 'default'
2023-06-20T09:35:03.542+09:00  WARN 6160 --- [    Test worker] JpaBaseConfiguration$JpaWebConfiguration : spring.jpa.open-in-view is enabled by default. Therefore, database queries may be performed during view rendering. Explicitly configure spring.jpa.open-in-view to disable this warning
2023-06-20T09:35:03.648+09:00  INFO 6160 --- [    Test worker] o.s.s.web.DefaultSecurityFilterChain     : Will secure any request with [org.springframework.security.web.session.DisableEncodeUrlFilter@7ab8f93, org.springframework.security.web.context.request.async.WebAsyncManagerIntegrationFilter@6037748a, org.springframework.security.web.context.SecurityContextHolderFilter@53cba89f, org.springframework.security.web.header.HeaderWriterFilter@d970881, org.springframework.security.web.csrf.CsrfFilter@5ac35b17, org.springframework.security.web.authentication.logout.LogoutFilter@f776b4a, org.springframework.security.web.authentication.UsernamePasswordAuthenticationFilter@125c03d3, org.springframework.security.web.savedrequest.RequestCacheAwareFilter@14aa2123, org.springframework.security.web.servletapi.SecurityContextHolderAwareRequestFilter@7def62d0, org.springframework.security.web.authentication.AnonymousAuthenticationFilter@4d87e7f3, org.springframework.security.web.access.ExceptionTranslationFilter@1f7853af, org.springframework.security.web.access.intercept.AuthorizationFilter@3db3668]
2023-06-20T09:35:04.036+09:00  INFO 6160 --- [    Test worker] o.s.b.a.h2.H2ConsoleAutoConfiguration    : H2 console available at '/h2-console'. Database available at 'jdbc:h2:~/local'
2023-06-20T09:35:04.088+09:00  INFO 6160 --- [    Test worker] com.team.tesbro.TesbroApplicationTests   : Started TesbroApplicationTests in 3.494 seconds (process running for 4.344)
Hibernate: 
    select
        a1_0.id,
        a1_0.academy_dong,
        a1_0.academy_gu,
        a1_0.academy_name,
        a1_0.academy_si,
        a1_0.academy_tel,
        a1_0.ceo_name,
        a1_0.create_date,
        a1_0.img_logo,
        a1_0.introduction,
        a1_0.jjim 
    from
        academy a1_0 
    where
        a1_0.id=?
Hibernate: 
    insert 
    into
        teacher
        (id, academy_id, awards, introduction, qualifications, teacher_name) 
    values
        (default, ?, ?, ?, ?, ?)
Hibernate: 
    insert 
    into
        teacher
        (id, academy_id, awards, introduction, qualifications, teacher_name) 
    values
        (default, ?, ?, ?, ?, ?)
Hibernate: 
    insert 
    into
        teacher
        (id, academy_id, awards, introduction, qualifications, teacher_name) 
    values
        (default, ?, ?, ?, ?, ?)
Hibernate: 
    insert 
    into
        teacher
        (id, academy_id, awards, introduction, qualifications, teacher_name) 
    values
        (default, ?, ?, ?, ?, ?)
]]></system-out>
  <system-err><![CDATA[]]></system-err>
</testsuite>
